<?xml version="1.0" encoding="UTF-8"?>
<testsuite xmlns:xsi="http://www.w3.org/2001/XMLSchema-instance" xsi:noNamespaceSchemaLocation="https://maven.apache.org/surefire/maven-surefire-plugin/xsd/surefire-test-report-3.0.xsd" version="3.0" name="cn.techstar.pvms.backend.module.system.controller.SystemHealthControllerTest" time="0.03" tests="1" errors="0" skipped="0" failures="0">
  <properties>
[...]
</properties>
  <testcase name="shouldReturnBackendHealthStatus" classname="cn.techstar.pvms.backend.module.system.controller.SystemHealthControllerTest" time="0.01">
    <system-out><![CDATA[2026-03-27T11:40:47.543+08:00  INFO 26732 --- [pvms-backend] [           main] t.c.s.AnnotationConfigContextLoaderUtils : Could not detect default configuration classes for test class [cn.techstar.pvms.backend.module.system.controller.SystemHealthControllerTest]: SystemHealthControllerTest does not declare any static, non-private, non-final, nested classes annotated with @Configuration.
2026-03-27T11:40:47.557+08:00  INFO 26732 --- [pvms-backend] [           main] .b.t.c.SpringBootTestContextBootstrapper : Found @SpringBootConfiguration cn.techstar.pvms.backend.PvmsBackendApplication for test class cn.techstar.pvms.backend.module.system.controller.SystemHealthControllerTest
]]></system-out>
  </testcase>
</testsuite>